ERROR - 2025-05-23 03:53:04 --> mysqli_sql_exception: MySQL server has gone away in C:\Data\Job\Job1\job11\vendor\codeigniter4\framework\system\Database\MySQLi\Connection.php:292
Stack trace:
#0 C:\Data\Job\Job1\job11\vendor\codeigniter4\framework\system\Database\MySQLi\Connection.php(292): mysqli->query('SELECT * FROM t...', 0)
#1 C:\Data\Job\Job1\job11\vendor\codeigniter4\framework\system\Database\BaseConnection.php(666): CodeIgniter\Database\MySQLi\Connection->execute('SELECT * FROM t...')
#2 C:\Data\Job\Job1\job11\vendor\codeigniter4\framework\system\Database\BaseConnection.php(593): CodeIgniter\Database\BaseConnection->simpleQuery('SELECT * FROM t...')
#3 C:\Data\Job\Job1\job11\app\Models\VisitorModel.php(15): CodeIgniter\Database\BaseConnection->query('SELECT * FROM t...')
#4 C:\Data\Job\Job1\job11\app\Controllers\BaseController.php(67): App\Models\VisitorModel->count_visitor('::1', 'Edge 136.0.0.0')
#5 C:\Data\Job\Job1\job11\vendor\codeigniter4\framework\system\CodeIgniter.php(890): App\Controllers\BaseController->initController(Object(CodeIgniter\HTTP\IncomingRequest), Object(CodeIgniter\HTTP\Response), Object(CodeIgniter\Log\Logger))
#6 C:\Data\Job\Job1\job11\vendor\codeigniter4\framework\system\CodeIgniter.php(473): CodeIgniter\CodeIgniter->createController()
#7 C:\Data\Job\Job1\job11\vendor\codeigniter4\framework\system\CodeIgniter.php(351): CodeIgniter\CodeIgniter->handleRequest(NULL, Object(Config\Cache), false)
#8 C:\Data\Job\Job1\job11\public\index.php(67): CodeIgniter\CodeIgniter->run()
#9 C:\Data\Job\Job1\job11\vendor\codeigniter4\framework\system\Commands\Server\rewrite.php(46): require_once('C:\\Data\\Job\\Job...')
#10 {main}
CRITICAL - 2025-05-23 03:53:04 --> MySQL server has gone away
in SYSTEMPATH\Database\MySQLi\Connection.php on line 292.
 1 SYSTEMPATH\Database\MySQLi\Connection.php(292): mysqli->query('SELECT * FROM tbl_visitors WHERE visit_ip=\'::1\' AND DATE(visit_date)=CURDATE()', 0)
 2 SYSTEMPATH\Database\BaseConnection.php(666): CodeIgniter\Database\MySQLi\Connection->execute('SELECT * FROM tbl_visitors WHERE visit_ip=\'::1\' AND DATE(visit_date)=CURDATE()')
 3 SYSTEMPATH\Database\BaseConnection.php(593): CodeIgniter\Database\BaseConnection->simpleQuery('SELECT * FROM tbl_visitors WHERE visit_ip=\'::1\' AND DATE(visit_date)=CURDATE()')
 4 APPPATH\Models\VisitorModel.php(15): CodeIgniter\Database\BaseConnection->query('SELECT * FROM tbl_visitors WHERE visit_ip=\'::1\' AND DATE(visit_date)=CURDATE()')
 5 APPPATH\Controllers\BaseController.php(67): App\Models\VisitorModel->count_visitor('::1', 'Edge 136.0.0.0')
 6 SYSTEMPATH\CodeIgniter.php(890): App\Controllers\BaseController->initController(Object(CodeIgniter\HTTP\IncomingRequest), Object(CodeIgniter\HTTP\Response), Object(CodeIgniter\Log\Logger))
 7 SYSTEMPATH\CodeIgniter.php(473): CodeIgniter\CodeIgniter->createController()
 8 SYSTEMPATH\CodeIgniter.php(351): CodeIgniter\CodeIgniter->handleRequest(null, Object(Config\Cache), false)
 9 FCPATH\index.php(67): CodeIgniter\CodeIgniter->run()
10 SYSTEMPATH\Commands\Server\rewrite.php(46): require_once('FCPATH\\index.php')
ERROR - 2025-05-23 03:53:25 --> Error connecting to the database: mysqli_sql_exception: No connection could be made because the target machine actively refused it in C:\Data\Job\Job1\job11\vendor\codeigniter4\framework\system\Database\MySQLi\Connection.php:171
Stack trace:
#0 C:\Data\Job\Job1\job11\vendor\codeigniter4\framework\system\Database\MySQLi\Connection.php(171): mysqli->real_connect('localhost', 'root', '', 'newcli', 3306, '', 0)
#1 C:\Data\Job\Job1\job11\vendor\codeigniter4\framework\system\Database\BaseConnection.php(382): CodeIgniter\Database\MySQLi\Connection->connect(false)
#2 C:\Data\Job\Job1\job11\vendor\codeigniter4\framework\system\Database\BaseConnection.php(561): CodeIgniter\Database\BaseConnection->initialize()
#3 C:\Data\Job\Job1\job11\app\Models\VisitorModel.php(15): CodeIgniter\Database\BaseConnection->query('SELECT * FROM t...')
#4 C:\Data\Job\Job1\job11\app\Controllers\BaseController.php(67): App\Models\VisitorModel->count_visitor('::1', 'Edge 136.0.0.0')
#5 C:\Data\Job\Job1\job11\vendor\codeigniter4\framework\system\CodeIgniter.php(890): App\Controllers\BaseController->initController(Object(CodeIgniter\HTTP\IncomingRequest), Object(CodeIgniter\HTTP\Response), Object(CodeIgniter\Log\Logger))
#6 C:\Data\Job\Job1\job11\vendor\codeigniter4\framework\system\CodeIgniter.php(473): CodeIgniter\CodeIgniter->createController()
#7 C:\Data\Job\Job1\job11\vendor\codeigniter4\framework\system\CodeIgniter.php(351): CodeIgniter\CodeIgniter->handleRequest(NULL, Object(Config\Cache), false)
#8 C:\Data\Job\Job1\job11\public\index.php(67): CodeIgniter\CodeIgniter->run()
#9 C:\Data\Job\Job1\job11\vendor\codeigniter4\framework\system\Commands\Server\rewrite.php(46): require_once('C:\\Data\\Job\\Job...')
#10 {main}

Next CodeIgniter\Database\Exceptions\DatabaseException: No connection could be made because the target machine actively refused it in C:\Data\Job\Job1\job11\vendor\codeigniter4\framework\system\Database\MySQLi\Connection.php:215
Stack trace:
#0 C:\Data\Job\Job1\job11\vendor\codeigniter4\framework\system\Database\BaseConnection.php(382): CodeIgniter\Database\MySQLi\Connection->connect(false)
#1 C:\Data\Job\Job1\job11\vendor\codeigniter4\framework\system\Database\BaseConnection.php(561): CodeIgniter\Database\BaseConnection->initialize()
#2 C:\Data\Job\Job1\job11\app\Models\VisitorModel.php(15): CodeIgniter\Database\BaseConnection->query('SELECT * FROM t...')
#3 C:\Data\Job\Job1\job11\app\Controllers\BaseController.php(67): App\Models\VisitorModel->count_visitor('::1', 'Edge 136.0.0.0')
#4 C:\Data\Job\Job1\job11\vendor\codeigniter4\framework\system\CodeIgniter.php(890): App\Controllers\BaseController->initController(Object(CodeIgniter\HTTP\IncomingRequest), Object(CodeIgniter\HTTP\Response), Object(CodeIgniter\Log\Logger))
#5 C:\Data\Job\Job1\job11\vendor\codeigniter4\framework\system\CodeIgniter.php(473): CodeIgniter\CodeIgniter->createController()
#6 C:\Data\Job\Job1\job11\vendor\codeigniter4\framework\system\CodeIgniter.php(351): CodeIgniter\CodeIgniter->handleRequest(NULL, Object(Config\Cache), false)
#7 C:\Data\Job\Job1\job11\public\index.php(67): CodeIgniter\CodeIgniter->run()
#8 C:\Data\Job\Job1\job11\vendor\codeigniter4\framework\system\Commands\Server\rewrite.php(46): require_once('C:\\Data\\Job\\Job...')
#9 {main}
CRITICAL - 2025-05-23 03:53:25 --> Unable to connect to the database.
Main connection [MySQLi]: No connection could be made because the target machine actively refused it
in SYSTEMPATH\Database\BaseConnection.php on line 418.
 1 SYSTEMPATH\Database\BaseConnection.php(561): CodeIgniter\Database\BaseConnection->initialize()
 2 APPPATH\Models\VisitorModel.php(15): CodeIgniter\Database\BaseConnection->query('SELECT * FROM tbl_visitors WHERE visit_ip=\'::1\' AND DATE(visit_date)=CURDATE()')
 3 APPPATH\Controllers\BaseController.php(67): App\Models\VisitorModel->count_visitor('::1', 'Edge 136.0.0.0')
 4 SYSTEMPATH\CodeIgniter.php(890): App\Controllers\BaseController->initController(Object(CodeIgniter\HTTP\IncomingRequest), Object(CodeIgniter\HTTP\Response), Object(CodeIgniter\Log\Logger))
 5 SYSTEMPATH\CodeIgniter.php(473): CodeIgniter\CodeIgniter->createController()
 6 SYSTEMPATH\CodeIgniter.php(351): CodeIgniter\CodeIgniter->handleRequest(null, Object(Config\Cache), false)
 7 FCPATH\index.php(67): CodeIgniter\CodeIgniter->run()
 8 SYSTEMPATH\Commands\Server\rewrite.php(46): require_once('FCPATH\\index.php')
CRITICAL - 2025-05-23 05:34:45 --> bootstrap is not a valid Pager template.
in SYSTEMPATH\Pager\Pager.php on line 120.
 1 SYSTEMPATH\Pager\Pager.php(120): CodeIgniter\Pager\Exceptions\PagerException::forInvalidTemplate('bootstrap')
 2 SYSTEMPATH\Pager\Pager.php(83): CodeIgniter\Pager\Pager->displayLinks('transaksi', 'bootstrap')
 3 APPPATH\Views\kas\laporan.php(149): CodeIgniter\Pager\Pager->links('transaksi', 'bootstrap')
 4 SYSTEMPATH\View\View.php(213): include('APPPATH\\Views\\kas\\laporan.php')
 5 SYSTEMPATH\View\View.php(216): CodeIgniter\View\View->CodeIgniter\View\{closure}()
 6 SYSTEMPATH\Common.php(1134): CodeIgniter\View\View->render('kas/laporan', [], true)
 7 APPPATH\Controllers\Kas\KasController.php(342): view('kas/laporan', [...])
 8 SYSTEMPATH\CodeIgniter.php(927): App\Controllers\Kas\KasController->viewLaporan()
 9 SYSTEMPATH\CodeIgniter.php(482): CodeIgniter\CodeIgniter->runController(Object(App\Controllers\Kas\KasController))
10 SYSTEMPATH\CodeIgniter.php(351): CodeIgniter\CodeIgniter->handleRequest(null, Object(Config\Cache), false)
11 FCPATH\index.php(67): CodeIgniter\CodeIgniter->run()
12 SYSTEMPATH\Commands\Server\rewrite.php(46): require_once('FCPATH\\index.php')
CRITICAL - 2025-05-23 05:35:39 --> Invalid file: CodeIgniter\Pager\Views\bootstrap.php
in SYSTEMPATH\Exceptions\FrameworkException.php on line 33.
 1 SYSTEMPATH\View\View.php(201): CodeIgniter\Exceptions\FrameworkException::forInvalidFile('CodeIgniter\\Pager\\Views\\bootstrap.php')
 2 SYSTEMPATH\Pager\Pager.php(126): CodeIgniter\View\View->render('CodeIgniter\\Pager\\Views\\bootstrap', null, false)
 3 SYSTEMPATH\Pager\Pager.php(83): CodeIgniter\Pager\Pager->displayLinks('transaksi', 'bootstrap')
 4 APPPATH\Views\kas\laporan.php(149): CodeIgniter\Pager\Pager->links('transaksi', 'bootstrap')
 5 SYSTEMPATH\View\View.php(213): include('APPPATH\\Views\\kas\\laporan.php')
 6 SYSTEMPATH\View\View.php(216): CodeIgniter\View\View->CodeIgniter\View\{closure}()
 7 SYSTEMPATH\Common.php(1134): CodeIgniter\View\View->render('kas/laporan', [], true)
 8 APPPATH\Controllers\Kas\KasController.php(342): view('kas/laporan', [...])
 9 SYSTEMPATH\CodeIgniter.php(927): App\Controllers\Kas\KasController->viewLaporan()
10 SYSTEMPATH\CodeIgniter.php(482): CodeIgniter\CodeIgniter->runController(Object(App\Controllers\Kas\KasController))
11 SYSTEMPATH\CodeIgniter.php(351): CodeIgniter\CodeIgniter->handleRequest(null, Object(Config\Cache), false)
12 FCPATH\index.php(67): CodeIgniter\CodeIgniter->run()
13 SYSTEMPATH\Commands\Server\rewrite.php(46): require_once('FCPATH\\index.php')
