CRITICAL - 2025-05-24 00:08:35 --> Undefined variable $kategori
in APPPATH\Views\kas\kategori.php on line 94.
 1 APPPATH\Views\kas\kategori.php(94): CodeIgniter\Debug\Exceptions->errorHandler(2, 'Undefined variable $kategori', 'APPPATH\\Views\\kas\\kategori.php', 94)
 2 SYSTEMPATH\View\View.php(213): include('APPPATH\\Views\\kas\\kategori.php')
 3 SYSTEMPATH\View\View.php(216): CodeIgniter\View\View->CodeIgniter\View\{closure}()
 4 SYSTEMPATH\Common.php(1134): CodeIgniter\View\View->render('kas/kategori', [], true)
 5 APPPATH\Controllers\Kas\KasController.php(360): view('kas/kategori', [...])
 6 SYSTEMPATH\CodeIgniter.php(927): App\Controllers\Kas\KasController->viewKategori()
 7 SYSTEMPATH\CodeIgniter.php(482): CodeIgniter\CodeIgniter->runController(Object(App\Controllers\Kas\KasController))
 8 SYSTEMPATH\CodeIgniter.php(351): CodeIgniter\CodeIgniter->handleRequest(null, Object(Config\Cache), false)
 9 FCPATH\index.php(67): CodeIgniter\CodeIgniter->run()
10 SYSTEMPATH\Commands\Server\rewrite.php(46): require_once('FCPATH\\index.php')
CRITICAL - 2025-05-24 00:10:46 --> Undefined property: App\Controllers\Kas\KasController::$kategoriModel
in APPPATH\Controllers\Kas\KasController.php on line 360.
 1 APPPATH\Controllers\Kas\KasController.php(360): CodeIgniter\Debug\Exceptions->errorHandler(2, 'Undefined property: App\\Controllers\\Kas\\KasController::$kategoriModel', 'APPPATH\\Controllers\\Kas\\KasController.php', 360)
 2 SYSTEMPATH\CodeIgniter.php(927): App\Controllers\Kas\KasController->viewKategori()
 3 SYSTEMPATH\CodeIgniter.php(482): CodeIgniter\CodeIgniter->runController(Object(App\Controllers\Kas\KasController))
 4 SYSTEMPATH\CodeIgniter.php(351): CodeIgniter\CodeIgniter->handleRequest(null, Object(Config\Cache), false)
 5 FCPATH\index.php(67): CodeIgniter\CodeIgniter->run()
 6 SYSTEMPATH\Commands\Server\rewrite.php(46): require_once('FCPATH\\index.php')
CRITICAL - 2025-05-24 00:11:12 --> Class "App\Controllers\Kas\KategoriModel" not found
in APPPATH\Controllers\Kas\KasController.php on line 31.
 1 SYSTEMPATH\CodeIgniter.php(889): App\Controllers\Kas\KasController->__construct()
 2 SYSTEMPATH\CodeIgniter.php(473): CodeIgniter\CodeIgniter->createController()
 3 SYSTEMPATH\CodeIgniter.php(351): CodeIgniter\CodeIgniter->handleRequest(null, Object(Config\Cache), false)
 4 FCPATH\index.php(67): CodeIgniter\CodeIgniter->run()
 5 SYSTEMPATH\Commands\Server\rewrite.php(46): require_once('FCPATH\\index.php')
CRITICAL - 2025-05-24 00:11:37 --> Class "App\Controllers\Kas\KategoriModel" not found
in APPPATH\Controllers\Kas\KasController.php on line 31.
 1 SYSTEMPATH\CodeIgniter.php(889): App\Controllers\Kas\KasController->__construct()
 2 SYSTEMPATH\CodeIgniter.php(473): CodeIgniter\CodeIgniter->createController()
 3 SYSTEMPATH\CodeIgniter.php(351): CodeIgniter\CodeIgniter->handleRequest(null, Object(Config\Cache), false)
 4 FCPATH\index.php(67): CodeIgniter\CodeIgniter->run()
 5 SYSTEMPATH\Commands\Server\rewrite.php(46): require_once('FCPATH\\index.php')
CRITICAL - 2025-05-24 00:11:52 --> Undefined array key "id"
in APPPATH\Views\kas\kategori.php on line 74.
 1 APPPATH\Views\kas\kategori.php(74): CodeIgniter\Debug\Exceptions->errorHandler(2, 'Undefined array key "id"', 'APPPATH\\Views\\kas\\kategori.php', 74)
 2 SYSTEMPATH\View\View.php(213): include('APPPATH\\Views\\kas\\kategori.php')
 3 SYSTEMPATH\View\View.php(216): CodeIgniter\View\View->CodeIgniter\View\{closure}()
 4 SYSTEMPATH\Common.php(1134): CodeIgniter\View\View->render('kas/kategori', [], true)
 5 APPPATH\Controllers\Kas\KasController.php(366): view('kas/kategori', [...])
 6 SYSTEMPATH\CodeIgniter.php(927): App\Controllers\Kas\KasController->viewKategori()
 7 SYSTEMPATH\CodeIgniter.php(482): CodeIgniter\CodeIgniter->runController(Object(App\Controllers\Kas\KasController))
 8 SYSTEMPATH\CodeIgniter.php(351): CodeIgniter\CodeIgniter->handleRequest(null, Object(Config\Cache), false)
 9 FCPATH\index.php(67): CodeIgniter\CodeIgniter->run()
10 SYSTEMPATH\Commands\Server\rewrite.php(46): require_once('FCPATH\\index.php')
CRITICAL - 2025-05-24 00:12:39 --> Undefined array key "id"
in APPPATH\Views\kas\kategori.php on line 74.
 1 APPPATH\Views\kas\kategori.php(74): CodeIgniter\Debug\Exceptions->errorHandler(2, 'Undefined array key "id"', 'APPPATH\\Views\\kas\\kategori.php', 74)
 2 SYSTEMPATH\View\View.php(213): include('APPPATH\\Views\\kas\\kategori.php')
 3 SYSTEMPATH\View\View.php(216): CodeIgniter\View\View->CodeIgniter\View\{closure}()
 4 SYSTEMPATH\Common.php(1134): CodeIgniter\View\View->render('kas/kategori', [], true)
 5 APPPATH\Controllers\Kas\KasController.php(366): view('kas/kategori', [...])
 6 SYSTEMPATH\CodeIgniter.php(927): App\Controllers\Kas\KasController->viewKategori()
 7 SYSTEMPATH\CodeIgniter.php(482): CodeIgniter\CodeIgniter->runController(Object(App\Controllers\Kas\KasController))
 8 SYSTEMPATH\CodeIgniter.php(351): CodeIgniter\CodeIgniter->handleRequest(null, Object(Config\Cache), false)
 9 FCPATH\index.php(67): CodeIgniter\CodeIgniter->run()
10 SYSTEMPATH\Commands\Server\rewrite.php(46): require_once('FCPATH\\index.php')
CRITICAL - 2025-05-24 00:14:06 --> Undefined array key "id"
in APPPATH\Views\kas\kategori.php on line 74.
 1 APPPATH\Views\kas\kategori.php(74): CodeIgniter\Debug\Exceptions->errorHandler(2, 'Undefined array key "id"', 'APPPATH\\Views\\kas\\kategori.php', 74)
 2 SYSTEMPATH\View\View.php(213): include('APPPATH\\Views\\kas\\kategori.php')
 3 SYSTEMPATH\View\View.php(216): CodeIgniter\View\View->CodeIgniter\View\{closure}()
 4 SYSTEMPATH\Common.php(1134): CodeIgniter\View\View->render('kas/kategori', [], true)
 5 APPPATH\Controllers\Kas\KasController.php(366): view('kas/kategori', [...])
 6 SYSTEMPATH\CodeIgniter.php(927): App\Controllers\Kas\KasController->viewKategori()
 7 SYSTEMPATH\CodeIgniter.php(482): CodeIgniter\CodeIgniter->runController(Object(App\Controllers\Kas\KasController))
 8 SYSTEMPATH\CodeIgniter.php(351): CodeIgniter\CodeIgniter->handleRequest(null, Object(Config\Cache), false)
 9 FCPATH\index.php(67): CodeIgniter\CodeIgniter->run()
10 SYSTEMPATH\Commands\Server\rewrite.php(46): require_once('FCPATH\\index.php')
CRITICAL - 2025-05-24 00:14:23 --> Undefined array key "id"
in APPPATH\Views\kas\kategori.php on line 74.
 1 APPPATH\Views\kas\kategori.php(74): CodeIgniter\Debug\Exceptions->errorHandler(2, 'Undefined array key "id"', 'APPPATH\\Views\\kas\\kategori.php', 74)
 2 SYSTEMPATH\View\View.php(213): include('APPPATH\\Views\\kas\\kategori.php')
 3 SYSTEMPATH\View\View.php(216): CodeIgniter\View\View->CodeIgniter\View\{closure}()
 4 SYSTEMPATH\Common.php(1134): CodeIgniter\View\View->render('kas/kategori', [], true)
 5 APPPATH\Controllers\Kas\KasController.php(366): view('kas/kategori', [...])
 6 SYSTEMPATH\CodeIgniter.php(927): App\Controllers\Kas\KasController->viewKategori()
 7 SYSTEMPATH\CodeIgniter.php(482): CodeIgniter\CodeIgniter->runController(Object(App\Controllers\Kas\KasController))
 8 SYSTEMPATH\CodeIgniter.php(351): CodeIgniter\CodeIgniter->handleRequest(null, Object(Config\Cache), false)
 9 FCPATH\index.php(67): CodeIgniter\CodeIgniter->run()
10 SYSTEMPATH\Commands\Server\rewrite.php(46): require_once('FCPATH\\index.php')
CRITICAL - 2025-05-24 00:20:44 --> Undefined variable $total_inbox
in APPPATH\Views\layout\sidebar-dashboard.php on line 21.
 1 APPPATH\Views\layout\sidebar-dashboard.php(21): CodeIgniter\Debug\Exceptions->errorHandler(2, 'Undefined variable $total_inbox', 'APPPATH\\Views\\layout\\sidebar-dashboard.php', 21)
 2 SYSTEMPATH\View\View.php(213): include('APPPATH\\Views\\layout\\sidebar-dashboard.php')
 3 SYSTEMPATH\View\View.php(216): CodeIgniter\View\View->CodeIgniter\View\{closure}()
 4 SYSTEMPATH\View\View.php(431): CodeIgniter\View\View->render('layout/sidebar-dashboard', null, true)
 5 APPPATH\Views\kas\kategori.php(60): CodeIgniter\View\View->include('layout/sidebar-dashboard')
 6 SYSTEMPATH\View\View.php(213): include('APPPATH\\Views\\kas\\kategori.php')
 7 SYSTEMPATH\View\View.php(216): CodeIgniter\View\View->CodeIgniter\View\{closure}()
 8 SYSTEMPATH\Common.php(1134): CodeIgniter\View\View->render('kas/kategori', [], true)
 9 APPPATH\Controllers\Kas\KasController.php(355): view('kas/kategori', [...])
10 SYSTEMPATH\CodeIgniter.php(927): App\Controllers\Kas\KasController->viewKategori()
11 SYSTEMPATH\CodeIgniter.php(482): CodeIgniter\CodeIgniter->runController(Object(App\Controllers\Kas\KasController))
12 SYSTEMPATH\CodeIgniter.php(351): CodeIgniter\CodeIgniter->handleRequest(null, Object(Config\Cache), false)
13 FCPATH\index.php(67): CodeIgniter\CodeIgniter->run()
14 SYSTEMPATH\Commands\Server\rewrite.php(46): require_once('FCPATH\\index.php')
CRITICAL - 2025-05-24 00:25:45 --> Undefined variable $jumlah_kas
in APPPATH\Views\kas\kategori.php on line 78.
 1 APPPATH\Views\kas\kategori.php(78): CodeIgniter\Debug\Exceptions->errorHandler(2, 'Undefined variable $jumlah_kas', 'APPPATH\\Views\\kas\\kategori.php', 78)
 2 SYSTEMPATH\View\View.php(213): include('APPPATH\\Views\\kas\\kategori.php')
 3 SYSTEMPATH\View\View.php(216): CodeIgniter\View\View->CodeIgniter\View\{closure}()
 4 SYSTEMPATH\Common.php(1134): CodeIgniter\View\View->render('kas/kategori', [], true)
 5 APPPATH\Controllers\Kas\KasController.php(365): view('kas/kategori', [...])
 6 SYSTEMPATH\CodeIgniter.php(927): App\Controllers\Kas\KasController->viewKategori()
 7 SYSTEMPATH\CodeIgniter.php(482): CodeIgniter\CodeIgniter->runController(Object(App\Controllers\Kas\KasController))
 8 SYSTEMPATH\CodeIgniter.php(351): CodeIgniter\CodeIgniter->handleRequest(null, Object(Config\Cache), false)
 9 FCPATH\index.php(67): CodeIgniter\CodeIgniter->run()
10 SYSTEMPATH\Commands\Server\rewrite.php(46): require_once('FCPATH\\index.php')
CRITICAL - 2025-05-24 00:25:49 --> Undefined variable $jumlah_kas
in APPPATH\Views\kas\kategori.php on line 78.
 1 APPPATH\Views\kas\kategori.php(78): CodeIgniter\Debug\Exceptions->errorHandler(2, 'Undefined variable $jumlah_kas', 'APPPATH\\Views\\kas\\kategori.php', 78)
 2 SYSTEMPATH\View\View.php(213): include('APPPATH\\Views\\kas\\kategori.php')
 3 SYSTEMPATH\View\View.php(216): CodeIgniter\View\View->CodeIgniter\View\{closure}()
 4 SYSTEMPATH\Common.php(1134): CodeIgniter\View\View->render('kas/kategori', [], true)
 5 APPPATH\Controllers\Kas\KasController.php(365): view('kas/kategori', [...])
 6 SYSTEMPATH\CodeIgniter.php(927): App\Controllers\Kas\KasController->viewKategori()
 7 SYSTEMPATH\CodeIgniter.php(482): CodeIgniter\CodeIgniter->runController(Object(App\Controllers\Kas\KasController))
 8 SYSTEMPATH\CodeIgniter.php(351): CodeIgniter\CodeIgniter->handleRequest(null, Object(Config\Cache), false)
 9 FCPATH\index.php(67): CodeIgniter\CodeIgniter->run()
10 SYSTEMPATH\Commands\Server\rewrite.php(46): require_once('FCPATH\\index.php')
CRITICAL - 2025-05-24 00:33:17 --> Undefined array key "id"
in APPPATH\Views\kas\kategori.php on line 103.
 1 APPPATH\Views\kas\kategori.php(103): CodeIgniter\Debug\Exceptions->errorHandler(2, 'Undefined array key "id"', 'APPPATH\\Views\\kas\\kategori.php', 103)
 2 SYSTEMPATH\View\View.php(213): include('APPPATH\\Views\\kas\\kategori.php')
 3 SYSTEMPATH\View\View.php(216): CodeIgniter\View\View->CodeIgniter\View\{closure}()
 4 SYSTEMPATH\Common.php(1134): CodeIgniter\View\View->render('kas/kategori', [], true)
 5 APPPATH\Controllers\Kas\KasController.php(365): view('kas/kategori', [...])
 6 SYSTEMPATH\CodeIgniter.php(927): App\Controllers\Kas\KasController->viewKategori()
 7 SYSTEMPATH\CodeIgniter.php(482): CodeIgniter\CodeIgniter->runController(Object(App\Controllers\Kas\KasController))
 8 SYSTEMPATH\CodeIgniter.php(351): CodeIgniter\CodeIgniter->handleRequest(null, Object(Config\Cache), false)
 9 FCPATH\index.php(67): CodeIgniter\CodeIgniter->run()
10 SYSTEMPATH\Commands\Server\rewrite.php(46): require_once('FCPATH\\index.php')
CRITICAL - 2025-05-24 00:33:18 --> Undefined array key "id"
in APPPATH\Views\kas\kategori.php on line 103.
 1 APPPATH\Views\kas\kategori.php(103): CodeIgniter\Debug\Exceptions->errorHandler(2, 'Undefined array key "id"', 'APPPATH\\Views\\kas\\kategori.php', 103)
 2 SYSTEMPATH\View\View.php(213): include('APPPATH\\Views\\kas\\kategori.php')
 3 SYSTEMPATH\View\View.php(216): CodeIgniter\View\View->CodeIgniter\View\{closure}()
 4 SYSTEMPATH\Common.php(1134): CodeIgniter\View\View->render('kas/kategori', [], true)
 5 APPPATH\Controllers\Kas\KasController.php(365): view('kas/kategori', [...])
 6 SYSTEMPATH\CodeIgniter.php(927): App\Controllers\Kas\KasController->viewKategori()
 7 SYSTEMPATH\CodeIgniter.php(482): CodeIgniter\CodeIgniter->runController(Object(App\Controllers\Kas\KasController))
 8 SYSTEMPATH\CodeIgniter.php(351): CodeIgniter\CodeIgniter->handleRequest(null, Object(Config\Cache), false)
 9 FCPATH\index.php(67): CodeIgniter\CodeIgniter->run()
10 SYSTEMPATH\Commands\Server\rewrite.php(46): require_once('FCPATH\\index.php')
CRITICAL - 2025-05-24 00:33:19 --> Undefined array key "id"
in APPPATH\Views\kas\kategori.php on line 103.
 1 APPPATH\Views\kas\kategori.php(103): CodeIgniter\Debug\Exceptions->errorHandler(2, 'Undefined array key "id"', 'APPPATH\\Views\\kas\\kategori.php', 103)
 2 SYSTEMPATH\View\View.php(213): include('APPPATH\\Views\\kas\\kategori.php')
 3 SYSTEMPATH\View\View.php(216): CodeIgniter\View\View->CodeIgniter\View\{closure}()
 4 SYSTEMPATH\Common.php(1134): CodeIgniter\View\View->render('kas/kategori', [], true)
 5 APPPATH\Controllers\Kas\KasController.php(365): view('kas/kategori', [...])
 6 SYSTEMPATH\CodeIgniter.php(927): App\Controllers\Kas\KasController->viewKategori()
 7 SYSTEMPATH\CodeIgniter.php(482): CodeIgniter\CodeIgniter->runController(Object(App\Controllers\Kas\KasController))
 8 SYSTEMPATH\CodeIgniter.php(351): CodeIgniter\CodeIgniter->handleRequest(null, Object(Config\Cache), false)
 9 FCPATH\index.php(67): CodeIgniter\CodeIgniter->run()
10 SYSTEMPATH\Commands\Server\rewrite.php(46): require_once('FCPATH\\index.php')
CRITICAL - 2025-05-24 00:33:27 --> Undefined array key "id"
in APPPATH\Views\kas\kategori.php on line 103.
 1 APPPATH\Views\kas\kategori.php(103): CodeIgniter\Debug\Exceptions->errorHandler(2, 'Undefined array key "id"', 'APPPATH\\Views\\kas\\kategori.php', 103)
 2 SYSTEMPATH\View\View.php(213): include('APPPATH\\Views\\kas\\kategori.php')
 3 SYSTEMPATH\View\View.php(216): CodeIgniter\View\View->CodeIgniter\View\{closure}()
 4 SYSTEMPATH\Common.php(1134): CodeIgniter\View\View->render('kas/kategori', [], true)
 5 APPPATH\Controllers\Kas\KasController.php(365): view('kas/kategori', [...])
 6 SYSTEMPATH\CodeIgniter.php(927): App\Controllers\Kas\KasController->viewKategori()
 7 SYSTEMPATH\CodeIgniter.php(482): CodeIgniter\CodeIgniter->runController(Object(App\Controllers\Kas\KasController))
 8 SYSTEMPATH\CodeIgniter.php(351): CodeIgniter\CodeIgniter->handleRequest(null, Object(Config\Cache), false)
 9 FCPATH\index.php(67): CodeIgniter\CodeIgniter->run()
10 SYSTEMPATH\Commands\Server\rewrite.php(46): require_once('FCPATH\\index.php')
CRITICAL - 2025-05-24 00:33:41 --> Undefined array key "id"
in APPPATH\Views\kas\kategori.php on line 103.
 1 APPPATH\Views\kas\kategori.php(103): CodeIgniter\Debug\Exceptions->errorHandler(2, 'Undefined array key "id"', 'APPPATH\\Views\\kas\\kategori.php', 103)
 2 SYSTEMPATH\View\View.php(213): include('APPPATH\\Views\\kas\\kategori.php')
 3 SYSTEMPATH\View\View.php(216): CodeIgniter\View\View->CodeIgniter\View\{closure}()
 4 SYSTEMPATH\Common.php(1134): CodeIgniter\View\View->render('kas/kategori', [], true)
 5 APPPATH\Controllers\Kas\KasController.php(365): view('kas/kategori', [...])
 6 SYSTEMPATH\CodeIgniter.php(927): App\Controllers\Kas\KasController->viewKategori()
 7 SYSTEMPATH\CodeIgniter.php(482): CodeIgniter\CodeIgniter->runController(Object(App\Controllers\Kas\KasController))
 8 SYSTEMPATH\CodeIgniter.php(351): CodeIgniter\CodeIgniter->handleRequest(null, Object(Config\Cache), false)
 9 FCPATH\index.php(67): CodeIgniter\CodeIgniter->run()
10 SYSTEMPATH\Commands\Server\rewrite.php(46): require_once('FCPATH\\index.php')
CRITICAL - 2025-05-24 00:33:42 --> Undefined array key "id"
in APPPATH\Views\kas\kategori.php on line 103.
 1 APPPATH\Views\kas\kategori.php(103): CodeIgniter\Debug\Exceptions->errorHandler(2, 'Undefined array key "id"', 'APPPATH\\Views\\kas\\kategori.php', 103)
 2 SYSTEMPATH\View\View.php(213): include('APPPATH\\Views\\kas\\kategori.php')
 3 SYSTEMPATH\View\View.php(216): CodeIgniter\View\View->CodeIgniter\View\{closure}()
 4 SYSTEMPATH\Common.php(1134): CodeIgniter\View\View->render('kas/kategori', [], true)
 5 APPPATH\Controllers\Kas\KasController.php(365): view('kas/kategori', [...])
 6 SYSTEMPATH\CodeIgniter.php(927): App\Controllers\Kas\KasController->viewKategori()
 7 SYSTEMPATH\CodeIgniter.php(482): CodeIgniter\CodeIgniter->runController(Object(App\Controllers\Kas\KasController))
 8 SYSTEMPATH\CodeIgniter.php(351): CodeIgniter\CodeIgniter->handleRequest(null, Object(Config\Cache), false)
 9 FCPATH\index.php(67): CodeIgniter\CodeIgniter->run()
10 SYSTEMPATH\Commands\Server\rewrite.php(46): require_once('FCPATH\\index.php')
CRITICAL - 2025-05-24 00:33:50 --> Undefined array key "id"
in APPPATH\Views\kas\kategori.php on line 103.
 1 APPPATH\Views\kas\kategori.php(103): CodeIgniter\Debug\Exceptions->errorHandler(2, 'Undefined array key "id"', 'APPPATH\\Views\\kas\\kategori.php', 103)
 2 SYSTEMPATH\View\View.php(213): include('APPPATH\\Views\\kas\\kategori.php')
 3 SYSTEMPATH\View\View.php(216): CodeIgniter\View\View->CodeIgniter\View\{closure}()
 4 SYSTEMPATH\Common.php(1134): CodeIgniter\View\View->render('kas/kategori', [], true)
 5 APPPATH\Controllers\Kas\KasController.php(365): view('kas/kategori', [...])
 6 SYSTEMPATH\CodeIgniter.php(927): App\Controllers\Kas\KasController->viewKategori()
 7 SYSTEMPATH\CodeIgniter.php(482): CodeIgniter\CodeIgniter->runController(Object(App\Controllers\Kas\KasController))
 8 SYSTEMPATH\CodeIgniter.php(351): CodeIgniter\CodeIgniter->handleRequest(null, Object(Config\Cache), false)
 9 FCPATH\index.php(67): CodeIgniter\CodeIgniter->run()
10 SYSTEMPATH\Commands\Server\rewrite.php(46): require_once('FCPATH\\index.php')
CRITICAL - 2025-05-24 00:34:07 --> Undefined array key "id"
in APPPATH\Views\kas\kategori.php on line 103.
 1 APPPATH\Views\kas\kategori.php(103): CodeIgniter\Debug\Exceptions->errorHandler(2, 'Undefined array key "id"', 'APPPATH\\Views\\kas\\kategori.php', 103)
 2 SYSTEMPATH\View\View.php(213): include('APPPATH\\Views\\kas\\kategori.php')
 3 SYSTEMPATH\View\View.php(216): CodeIgniter\View\View->CodeIgniter\View\{closure}()
 4 SYSTEMPATH\Common.php(1134): CodeIgniter\View\View->render('kas/kategori', [], true)
 5 APPPATH\Controllers\Kas\KasController.php(365): view('kas/kategori', [...])
 6 SYSTEMPATH\CodeIgniter.php(927): App\Controllers\Kas\KasController->viewKategori()
 7 SYSTEMPATH\CodeIgniter.php(482): CodeIgniter\CodeIgniter->runController(Object(App\Controllers\Kas\KasController))
 8 SYSTEMPATH\CodeIgniter.php(351): CodeIgniter\CodeIgniter->handleRequest(null, Object(Config\Cache), false)
 9 FCPATH\index.php(67): CodeIgniter\CodeIgniter->run()
10 SYSTEMPATH\Commands\Server\rewrite.php(46): require_once('FCPATH\\index.php')
CRITICAL - 2025-05-24 00:34:26 --> Undefined array key "id"
in APPPATH\Views\kas\kategori.php on line 103.
 1 APPPATH\Views\kas\kategori.php(103): CodeIgniter\Debug\Exceptions->errorHandler(2, 'Undefined array key "id"', 'APPPATH\\Views\\kas\\kategori.php', 103)
 2 SYSTEMPATH\View\View.php(213): include('APPPATH\\Views\\kas\\kategori.php')
 3 SYSTEMPATH\View\View.php(216): CodeIgniter\View\View->CodeIgniter\View\{closure}()
 4 SYSTEMPATH\Common.php(1134): CodeIgniter\View\View->render('kas/kategori', [], true)
 5 APPPATH\Controllers\Kas\KasController.php(365): view('kas/kategori', [...])
 6 SYSTEMPATH\CodeIgniter.php(927): App\Controllers\Kas\KasController->viewKategori()
 7 SYSTEMPATH\CodeIgniter.php(482): CodeIgniter\CodeIgniter->runController(Object(App\Controllers\Kas\KasController))
 8 SYSTEMPATH\CodeIgniter.php(351): CodeIgniter\CodeIgniter->handleRequest(null, Object(Config\Cache), false)
 9 FCPATH\index.php(67): CodeIgniter\CodeIgniter->run()
10 SYSTEMPATH\Commands\Server\rewrite.php(46): require_once('FCPATH\\index.php')
CRITICAL - 2025-05-24 00:35:54 --> Undefined array key "id"
in APPPATH\Views\kas\kategori.php on line 103.
 1 APPPATH\Views\kas\kategori.php(103): CodeIgniter\Debug\Exceptions->errorHandler(2, 'Undefined array key "id"', 'APPPATH\\Views\\kas\\kategori.php', 103)
 2 SYSTEMPATH\View\View.php(213): include('APPPATH\\Views\\kas\\kategori.php')
 3 SYSTEMPATH\View\View.php(216): CodeIgniter\View\View->CodeIgniter\View\{closure}()
 4 SYSTEMPATH\Common.php(1134): CodeIgniter\View\View->render('kas/kategori', [], true)
 5 APPPATH\Controllers\Kas\KasController.php(365): view('kas/kategori', [...])
 6 SYSTEMPATH\CodeIgniter.php(927): App\Controllers\Kas\KasController->viewKategori()
 7 SYSTEMPATH\CodeIgniter.php(482): CodeIgniter\CodeIgniter->runController(Object(App\Controllers\Kas\KasController))
 8 SYSTEMPATH\CodeIgniter.php(351): CodeIgniter\CodeIgniter->handleRequest(null, Object(Config\Cache), false)
 9 FCPATH\index.php(67): CodeIgniter\CodeIgniter->run()
10 SYSTEMPATH\Commands\Server\rewrite.php(46): require_once('FCPATH\\index.php')
CRITICAL - 2025-05-24 00:36:15 --> Undefined array key "id"
in APPPATH\Views\kas\kategori.php on line 103.
 1 APPPATH\Views\kas\kategori.php(103): CodeIgniter\Debug\Exceptions->errorHandler(2, 'Undefined array key "id"', 'APPPATH\\Views\\kas\\kategori.php', 103)
 2 SYSTEMPATH\View\View.php(213): include('APPPATH\\Views\\kas\\kategori.php')
 3 SYSTEMPATH\View\View.php(216): CodeIgniter\View\View->CodeIgniter\View\{closure}()
 4 SYSTEMPATH\Common.php(1134): CodeIgniter\View\View->render('kas/kategori', [], true)
 5 APPPATH\Controllers\Kas\KasController.php(365): view('kas/kategori', [...])
 6 SYSTEMPATH\CodeIgniter.php(927): App\Controllers\Kas\KasController->viewKategori()
 7 SYSTEMPATH\CodeIgniter.php(482): CodeIgniter\CodeIgniter->runController(Object(App\Controllers\Kas\KasController))
 8 SYSTEMPATH\CodeIgniter.php(351): CodeIgniter\CodeIgniter->handleRequest(null, Object(Config\Cache), false)
 9 FCPATH\index.php(67): CodeIgniter\CodeIgniter->run()
10 SYSTEMPATH\Commands\Server\rewrite.php(46): require_once('FCPATH\\index.php')
CRITICAL - 2025-05-24 00:36:16 --> Undefined array key "id"
in APPPATH\Views\kas\kategori.php on line 103.
 1 APPPATH\Views\kas\kategori.php(103): CodeIgniter\Debug\Exceptions->errorHandler(2, 'Undefined array key "id"', 'APPPATH\\Views\\kas\\kategori.php', 103)
 2 SYSTEMPATH\View\View.php(213): include('APPPATH\\Views\\kas\\kategori.php')
 3 SYSTEMPATH\View\View.php(216): CodeIgniter\View\View->CodeIgniter\View\{closure}()
 4 SYSTEMPATH\Common.php(1134): CodeIgniter\View\View->render('kas/kategori', [], true)
 5 APPPATH\Controllers\Kas\KasController.php(365): view('kas/kategori', [...])
 6 SYSTEMPATH\CodeIgniter.php(927): App\Controllers\Kas\KasController->viewKategori()
 7 SYSTEMPATH\CodeIgniter.php(482): CodeIgniter\CodeIgniter->runController(Object(App\Controllers\Kas\KasController))
 8 SYSTEMPATH\CodeIgniter.php(351): CodeIgniter\CodeIgniter->handleRequest(null, Object(Config\Cache), false)
 9 FCPATH\index.php(67): CodeIgniter\CodeIgniter->run()
10 SYSTEMPATH\Commands\Server\rewrite.php(46): require_once('FCPATH\\index.php')
CRITICAL - 2025-05-24 00:45:28 --> Deletes are not allowed unless they contain a "where" or "like" clause.
in SYSTEMPATH\Database\BaseBuilder.php on line 2367.
 1 SYSTEMPATH\Model.php(401): CodeIgniter\Database\BaseBuilder->delete()
 2 SYSTEMPATH\BaseModel.php(984): CodeIgniter\Model->doDelete('0', false)
 3 APPPATH\Controllers\Kas\KasController.php(399): CodeIgniter\BaseModel->delete('0')
 4 SYSTEMPATH\CodeIgniter.php(927): App\Controllers\Kas\KasController->hapusKategori('0')
 5 SYSTEMPATH\CodeIgniter.php(482): CodeIgniter\CodeIgniter->runController(Object(App\Controllers\Kas\KasController))
 6 SYSTEMPATH\CodeIgniter.php(351): CodeIgniter\CodeIgniter->handleRequest(null, Object(Config\Cache), false)
 7 FCPATH\index.php(67): CodeIgniter\CodeIgniter->run()
 8 SYSTEMPATH\Commands\Server\rewrite.php(46): require_once('FCPATH\\index.php')
CRITICAL - 2025-05-24 00:45:35 --> Deletes are not allowed unless they contain a "where" or "like" clause.
in SYSTEMPATH\Database\BaseBuilder.php on line 2367.
 1 SYSTEMPATH\Model.php(401): CodeIgniter\Database\BaseBuilder->delete()
 2 SYSTEMPATH\BaseModel.php(984): CodeIgniter\Model->doDelete('0', false)
 3 APPPATH\Controllers\Kas\KasController.php(399): CodeIgniter\BaseModel->delete('0')
 4 SYSTEMPATH\CodeIgniter.php(927): App\Controllers\Kas\KasController->hapusKategori('0')
 5 SYSTEMPATH\CodeIgniter.php(482): CodeIgniter\CodeIgniter->runController(Object(App\Controllers\Kas\KasController))
 6 SYSTEMPATH\CodeIgniter.php(351): CodeIgniter\CodeIgniter->handleRequest(null, Object(Config\Cache), false)
 7 FCPATH\index.php(67): CodeIgniter\CodeIgniter->run()
 8 SYSTEMPATH\Commands\Server\rewrite.php(46): require_once('FCPATH\\index.php')
ERROR - 2025-05-24 00:46:13 --> mysqli_sql_exception: Duplicate entry '0' for key 'PRIMARY' in C:\Data\Job\Job1\job11\vendor\codeigniter4\framework\system\Database\MySQLi\Connection.php:292
Stack trace:
#0 C:\Data\Job\Job1\job11\vendor\codeigniter4\framework\system\Database\MySQLi\Connection.php(292): mysqli->query('INSERT INTO `ka...', 0)
#1 C:\Data\Job\Job1\job11\vendor\codeigniter4\framework\system\Database\BaseConnection.php(666): CodeIgniter\Database\MySQLi\Connection->execute('INSERT INTO `ka...')
#2 C:\Data\Job\Job1\job11\vendor\codeigniter4\framework\system\Database\BaseConnection.php(593): CodeIgniter\Database\BaseConnection->simpleQuery('INSERT INTO `ka...')
#3 C:\Data\Job\Job1\job11\vendor\codeigniter4\framework\system\Database\BaseBuilder.php(1916): CodeIgniter\Database\BaseConnection->query('INSERT INTO `ka...', Array, false)
#4 C:\Data\Job\Job1\job11\vendor\codeigniter4\framework\system\Model.php(279): CodeIgniter\Database\BaseBuilder->insert()
#5 C:\Data\Job\Job1\job11\vendor\codeigniter4\framework\system\BaseModel.php(749): CodeIgniter\Model->doInsert(Array)
#6 C:\Data\Job\Job1\job11\vendor\codeigniter4\framework\system\Model.php(667): CodeIgniter\BaseModel->insert(Array, false)
#7 C:\Data\Job\Job1\job11\vendor\codeigniter4\framework\system\BaseModel.php(659): CodeIgniter\Model->insert(Array, false)
#8 C:\Data\Job\Job1\job11\app\Controllers\Kas\KasController.php(372): CodeIgniter\BaseModel->save(Array)
#9 C:\Data\Job\Job1\job11\vendor\codeigniter4\framework\system\CodeIgniter.php(927): App\Controllers\Kas\KasController->simpanKategori()
#10 C:\Data\Job\Job1\job11\vendor\codeigniter4\framework\system\CodeIgniter.php(482): CodeIgniter\CodeIgniter->runController(Object(App\Controllers\Kas\KasController))
#11 C:\Data\Job\Job1\job11\vendor\codeigniter4\framework\system\CodeIgniter.php(351): CodeIgniter\CodeIgniter->handleRequest(NULL, Object(Config\Cache), false)
#12 C:\Data\Job\Job1\job11\public\index.php(67): CodeIgniter\CodeIgniter->run()
#13 C:\Data\Job\Job1\job11\vendor\codeigniter4\framework\system\Commands\Server\rewrite.php(46): require_once('C:\\Data\\Job\\Job...')
#14 {main}
CRITICAL - 2025-05-24 00:46:13 --> Duplicate entry '0' for key 'PRIMARY'
in SYSTEMPATH\Database\MySQLi\Connection.php on line 292.
 1 SYSTEMPATH\Database\MySQLi\Connection.php(292): mysqli->query('INSERT INTO `kategori` (`nama_kategori`) VALUES (\'dqd\')', 0)
 2 SYSTEMPATH\Database\BaseConnection.php(666): CodeIgniter\Database\MySQLi\Connection->execute('INSERT INTO `kategori` (`nama_kategori`) VALUES (\'dqd\')')
 3 SYSTEMPATH\Database\BaseConnection.php(593): CodeIgniter\Database\BaseConnection->simpleQuery('INSERT INTO `kategori` (`nama_kategori`) VALUES (\'dqd\')')
 4 SYSTEMPATH\Database\BaseBuilder.php(1916): CodeIgniter\Database\BaseConnection->query('INSERT INTO `kategori` (`nama_kategori`) VALUES (:nama_kategori:)', [...], false)
 5 SYSTEMPATH\Model.php(279): CodeIgniter\Database\BaseBuilder->insert()
 6 SYSTEMPATH\BaseModel.php(749): CodeIgniter\Model->doInsert([...])
 7 SYSTEMPATH\Model.php(667): CodeIgniter\BaseModel->insert([...], false)
 8 SYSTEMPATH\BaseModel.php(659): CodeIgniter\Model->insert([...], false)
 9 APPPATH\Controllers\Kas\KasController.php(372): CodeIgniter\BaseModel->save([...])
10 SYSTEMPATH\CodeIgniter.php(927): App\Controllers\Kas\KasController->simpanKategori()
11 SYSTEMPATH\CodeIgniter.php(482): CodeIgniter\CodeIgniter->runController(Object(App\Controllers\Kas\KasController))
12 SYSTEMPATH\CodeIgniter.php(351): CodeIgniter\CodeIgniter->handleRequest(null, Object(Config\Cache), false)
13 FCPATH\index.php(67): CodeIgniter\CodeIgniter->run()
14 SYSTEMPATH\Commands\Server\rewrite.php(46): require_once('FCPATH\\index.php')
ERROR - 2025-05-24 00:46:18 --> mysqli_sql_exception: Duplicate entry '0' for key 'PRIMARY' in C:\Data\Job\Job1\job11\vendor\codeigniter4\framework\system\Database\MySQLi\Connection.php:292
Stack trace:
#0 C:\Data\Job\Job1\job11\vendor\codeigniter4\framework\system\Database\MySQLi\Connection.php(292): mysqli->query('INSERT INTO `ka...', 0)
#1 C:\Data\Job\Job1\job11\vendor\codeigniter4\framework\system\Database\BaseConnection.php(666): CodeIgniter\Database\MySQLi\Connection->execute('INSERT INTO `ka...')
#2 C:\Data\Job\Job1\job11\vendor\codeigniter4\framework\system\Database\BaseConnection.php(593): CodeIgniter\Database\BaseConnection->simpleQuery('INSERT INTO `ka...')
#3 C:\Data\Job\Job1\job11\vendor\codeigniter4\framework\system\Database\BaseBuilder.php(1916): CodeIgniter\Database\BaseConnection->query('INSERT INTO `ka...', Array, false)
#4 C:\Data\Job\Job1\job11\vendor\codeigniter4\framework\system\Model.php(279): CodeIgniter\Database\BaseBuilder->insert()
#5 C:\Data\Job\Job1\job11\vendor\codeigniter4\framework\system\BaseModel.php(749): CodeIgniter\Model->doInsert(Array)
#6 C:\Data\Job\Job1\job11\vendor\codeigniter4\framework\system\Model.php(667): CodeIgniter\BaseModel->insert(Array, false)
#7 C:\Data\Job\Job1\job11\vendor\codeigniter4\framework\system\BaseModel.php(659): CodeIgniter\Model->insert(Array, false)
#8 C:\Data\Job\Job1\job11\app\Controllers\Kas\KasController.php(372): CodeIgniter\BaseModel->save(Array)
#9 C:\Data\Job\Job1\job11\vendor\codeigniter4\framework\system\CodeIgniter.php(927): App\Controllers\Kas\KasController->simpanKategori()
#10 C:\Data\Job\Job1\job11\vendor\codeigniter4\framework\system\CodeIgniter.php(482): CodeIgniter\CodeIgniter->runController(Object(App\Controllers\Kas\KasController))
#11 C:\Data\Job\Job1\job11\vendor\codeigniter4\framework\system\CodeIgniter.php(351): CodeIgniter\CodeIgniter->handleRequest(NULL, Object(Config\Cache), false)
#12 C:\Data\Job\Job1\job11\public\index.php(67): CodeIgniter\CodeIgniter->run()
#13 C:\Data\Job\Job1\job11\vendor\codeigniter4\framework\system\Commands\Server\rewrite.php(46): require_once('C:\\Data\\Job\\Job...')
#14 {main}
CRITICAL - 2025-05-24 00:46:18 --> Duplicate entry '0' for key 'PRIMARY'
in SYSTEMPATH\Database\MySQLi\Connection.php on line 292.
 1 SYSTEMPATH\Database\MySQLi\Connection.php(292): mysqli->query('INSERT INTO `kategori` (`nama_kategori`) VALUES (\'dqd\')', 0)
 2 SYSTEMPATH\Database\BaseConnection.php(666): CodeIgniter\Database\MySQLi\Connection->execute('INSERT INTO `kategori` (`nama_kategori`) VALUES (\'dqd\')')
 3 SYSTEMPATH\Database\BaseConnection.php(593): CodeIgniter\Database\BaseConnection->simpleQuery('INSERT INTO `kategori` (`nama_kategori`) VALUES (\'dqd\')')
 4 SYSTEMPATH\Database\BaseBuilder.php(1916): CodeIgniter\Database\BaseConnection->query('INSERT INTO `kategori` (`nama_kategori`) VALUES (:nama_kategori:)', [...], false)
 5 SYSTEMPATH\Model.php(279): CodeIgniter\Database\BaseBuilder->insert()
 6 SYSTEMPATH\BaseModel.php(749): CodeIgniter\Model->doInsert([...])
 7 SYSTEMPATH\Model.php(667): CodeIgniter\BaseModel->insert([...], false)
 8 SYSTEMPATH\BaseModel.php(659): CodeIgniter\Model->insert([...], false)
 9 APPPATH\Controllers\Kas\KasController.php(372): CodeIgniter\BaseModel->save([...])
10 SYSTEMPATH\CodeIgniter.php(927): App\Controllers\Kas\KasController->simpanKategori()
11 SYSTEMPATH\CodeIgniter.php(482): CodeIgniter\CodeIgniter->runController(Object(App\Controllers\Kas\KasController))
12 SYSTEMPATH\CodeIgniter.php(351): CodeIgniter\CodeIgniter->handleRequest(null, Object(Config\Cache), false)
13 FCPATH\index.php(67): CodeIgniter\CodeIgniter->run()
14 SYSTEMPATH\Commands\Server\rewrite.php(46): require_once('FCPATH\\index.php')
ERROR - 2025-05-24 01:06:32 --> mysqli_sql_exception: Cannot add or update a child row: a foreign key constraint fails (`newcli`.`tbl_transaksi_kas`, CONSTRAINT `fk_transaksi_kategori` FOREIGN KEY (`kategori`) REFERENCES `kategori` (`nama_kategori`) ON UPDATE CASCADE) in C:\Data\Job\Job1\job11\vendor\codeigniter4\framework\system\Database\MySQLi\Connection.php:292
Stack trace:
#0 C:\Data\Job\Job1\job11\vendor\codeigniter4\framework\system\Database\MySQLi\Connection.php(292): mysqli->query('INSERT INTO `tb...', 0)
#1 C:\Data\Job\Job1\job11\vendor\codeigniter4\framework\system\Database\BaseConnection.php(666): CodeIgniter\Database\MySQLi\Connection->execute('INSERT INTO `tb...')
#2 C:\Data\Job\Job1\job11\vendor\codeigniter4\framework\system\Database\BaseConnection.php(593): CodeIgniter\Database\BaseConnection->simpleQuery('INSERT INTO `tb...')
#3 C:\Data\Job\Job1\job11\vendor\codeigniter4\framework\system\Database\BaseBuilder.php(1916): CodeIgniter\Database\BaseConnection->query('INSERT INTO `tb...', Array, false)
#4 C:\Data\Job\Job1\job11\vendor\codeigniter4\framework\system\Model.php(279): CodeIgniter\Database\BaseBuilder->insert()
#5 C:\Data\Job\Job1\job11\vendor\codeigniter4\framework\system\BaseModel.php(749): CodeIgniter\Model->doInsert(Array)
#6 C:\Data\Job\Job1\job11\vendor\codeigniter4\framework\system\Model.php(667): CodeIgniter\BaseModel->insert(Array, true)
#7 C:\Data\Job\Job1\job11\app\Controllers\Kas\KasController.php(150): CodeIgniter\Model->insert(Array)
#8 C:\Data\Job\Job1\job11\vendor\codeigniter4\framework\system\CodeIgniter.php(927): App\Controllers\Kas\KasController->tambahKas()
#9 C:\Data\Job\Job1\job11\vendor\codeigniter4\framework\system\CodeIgniter.php(482): CodeIgniter\CodeIgniter->runController(Object(App\Controllers\Kas\KasController))
#10 C:\Data\Job\Job1\job11\vendor\codeigniter4\framework\system\CodeIgniter.php(351): CodeIgniter\CodeIgniter->handleRequest(NULL, Object(Config\Cache), false)
#11 C:\Data\Job\Job1\job11\public\index.php(67): CodeIgniter\CodeIgniter->run()
#12 C:\Data\Job\Job1\job11\vendor\codeigniter4\framework\system\Commands\Server\rewrite.php(46): require_once('C:\\Data\\Job\\Job...')
#13 {main}
CRITICAL - 2025-05-24 01:06:32 --> Cannot add or update a child row: a foreign key constraint fails (`newcli`.`tbl_transaksi_kas`, CONSTRAINT `fk_transaksi_kategori` FOREIGN KEY (`kategori`) REFERENCES `kategori` (`nama_kategori`) ON UPDATE CASCADE)
in SYSTEMPATH\Database\MySQLi\Connection.php on line 292.
 1 SYSTEMPATH\Database\MySQLi\Connection.php(292): mysqli->query('INSERT INTO `tbl_transaksi_kas` (`kode_kas`, `user_id`, `jenis`, `jumlah`, `tanggal`, `kategori`) VALUES (\'E110C3B5\', \'5\', \'pemasukan\', 123, \'2025-05-24 01:06:32\', \'123\')', 0)
 2 SYSTEMPATH\Database\BaseConnection.php(666): CodeIgniter\Database\MySQLi\Connection->execute('INSERT INTO `tbl_transaksi_kas` (`kode_kas`, `user_id`, `jenis`, `jumlah`, `tanggal`, `kategori`) VALUES (\'E110C3B5\', \'5\', \'pemasukan\', 123, \'2025-05-24 01:06:32\', \'123\')')
 3 SYSTEMPATH\Database\BaseConnection.php(593): CodeIgniter\Database\BaseConnection->simpleQuery('INSERT INTO `tbl_transaksi_kas` (`kode_kas`, `user_id`, `jenis`, `jumlah`, `tanggal`, `kategori`) VALUES (\'E110C3B5\', \'5\', \'pemasukan\', 123, \'2025-05-24 01:06:32\', \'123\')')
 4 SYSTEMPATH\Database\BaseBuilder.php(1916): CodeIgniter\Database\BaseConnection->query('INSERT INTO `tbl_transaksi_kas` (`kode_kas`, `user_id`, `jenis`, `jumlah`, `tanggal`, `kategori`) VALUES (:kode_kas:, :user_id:, :jenis:, :jumlah:, :tanggal:, :kategori:)', [...], false)
 5 SYSTEMPATH\Model.php(279): CodeIgniter\Database\BaseBuilder->insert()
 6 SYSTEMPATH\BaseModel.php(749): CodeIgniter\Model->doInsert([...])
 7 SYSTEMPATH\Model.php(667): CodeIgniter\BaseModel->insert([...], true)
 8 APPPATH\Controllers\Kas\KasController.php(150): CodeIgniter\Model->insert([...])
 9 SYSTEMPATH\CodeIgniter.php(927): App\Controllers\Kas\KasController->tambahKas()
10 SYSTEMPATH\CodeIgniter.php(482): CodeIgniter\CodeIgniter->runController(Object(App\Controllers\Kas\KasController))
11 SYSTEMPATH\CodeIgniter.php(351): CodeIgniter\CodeIgniter->handleRequest(null, Object(Config\Cache), false)
12 FCPATH\index.php(67): CodeIgniter\CodeIgniter->run()
13 SYSTEMPATH\Commands\Server\rewrite.php(46): require_once('FCPATH\\index.php')
ERROR - 2025-05-24 01:07:08 --> mysqli_sql_exception: Cannot add or update a child row: a foreign key constraint fails (`newcli`.`tbl_transaksi_kas`, CONSTRAINT `fk_transaksi_kategori` FOREIGN KEY (`kategori`) REFERENCES `kategori` (`nama_kategori`) ON UPDATE CASCADE) in C:\Data\Job\Job1\job11\vendor\codeigniter4\framework\system\Database\MySQLi\Connection.php:292
Stack trace:
#0 C:\Data\Job\Job1\job11\vendor\codeigniter4\framework\system\Database\MySQLi\Connection.php(292): mysqli->query('INSERT INTO `tb...', 0)
#1 C:\Data\Job\Job1\job11\vendor\codeigniter4\framework\system\Database\BaseConnection.php(666): CodeIgniter\Database\MySQLi\Connection->execute('INSERT INTO `tb...')
#2 C:\Data\Job\Job1\job11\vendor\codeigniter4\framework\system\Database\BaseConnection.php(593): CodeIgniter\Database\BaseConnection->simpleQuery('INSERT INTO `tb...')
#3 C:\Data\Job\Job1\job11\vendor\codeigniter4\framework\system\Database\BaseBuilder.php(1916): CodeIgniter\Database\BaseConnection->query('INSERT INTO `tb...', Array, false)
#4 C:\Data\Job\Job1\job11\vendor\codeigniter4\framework\system\Model.php(279): CodeIgniter\Database\BaseBuilder->insert()
#5 C:\Data\Job\Job1\job11\vendor\codeigniter4\framework\system\BaseModel.php(749): CodeIgniter\Model->doInsert(Array)
#6 C:\Data\Job\Job1\job11\vendor\codeigniter4\framework\system\Model.php(667): CodeIgniter\BaseModel->insert(Array, true)
#7 C:\Data\Job\Job1\job11\app\Controllers\Kas\KasController.php(150): CodeIgniter\Model->insert(Array)
#8 C:\Data\Job\Job1\job11\vendor\codeigniter4\framework\system\CodeIgniter.php(927): App\Controllers\Kas\KasController->tambahKas()
#9 C:\Data\Job\Job1\job11\vendor\codeigniter4\framework\system\CodeIgniter.php(482): CodeIgniter\CodeIgniter->runController(Object(App\Controllers\Kas\KasController))
#10 C:\Data\Job\Job1\job11\vendor\codeigniter4\framework\system\CodeIgniter.php(351): CodeIgniter\CodeIgniter->handleRequest(NULL, Object(Config\Cache), false)
#11 C:\Data\Job\Job1\job11\public\index.php(67): CodeIgniter\CodeIgniter->run()
#12 C:\Data\Job\Job1\job11\vendor\codeigniter4\framework\system\Commands\Server\rewrite.php(46): require_once('C:\\Data\\Job\\Job...')
#13 {main}
CRITICAL - 2025-05-24 01:07:08 --> Cannot add or update a child row: a foreign key constraint fails (`newcli`.`tbl_transaksi_kas`, CONSTRAINT `fk_transaksi_kategori` FOREIGN KEY (`kategori`) REFERENCES `kategori` (`nama_kategori`) ON UPDATE CASCADE)
in SYSTEMPATH\Database\MySQLi\Connection.php on line 292.
 1 SYSTEMPATH\Database\MySQLi\Connection.php(292): mysqli->query('INSERT INTO `tbl_transaksi_kas` (`kode_kas`, `user_id`, `jenis`, `jumlah`, `tanggal`, `kategori`) VALUES (\'4553E31E\', \'5\', \'pemasukan\', 123, \'2025-05-24 01:07:08\', \'123\')', 0)
 2 SYSTEMPATH\Database\BaseConnection.php(666): CodeIgniter\Database\MySQLi\Connection->execute('INSERT INTO `tbl_transaksi_kas` (`kode_kas`, `user_id`, `jenis`, `jumlah`, `tanggal`, `kategori`) VALUES (\'4553E31E\', \'5\', \'pemasukan\', 123, \'2025-05-24 01:07:08\', \'123\')')
 3 SYSTEMPATH\Database\BaseConnection.php(593): CodeIgniter\Database\BaseConnection->simpleQuery('INSERT INTO `tbl_transaksi_kas` (`kode_kas`, `user_id`, `jenis`, `jumlah`, `tanggal`, `kategori`) VALUES (\'4553E31E\', \'5\', \'pemasukan\', 123, \'2025-05-24 01:07:08\', \'123\')')
 4 SYSTEMPATH\Database\BaseBuilder.php(1916): CodeIgniter\Database\BaseConnection->query('INSERT INTO `tbl_transaksi_kas` (`kode_kas`, `user_id`, `jenis`, `jumlah`, `tanggal`, `kategori`) VALUES (:kode_kas:, :user_id:, :jenis:, :jumlah:, :tanggal:, :kategori:)', [...], false)
 5 SYSTEMPATH\Model.php(279): CodeIgniter\Database\BaseBuilder->insert()
 6 SYSTEMPATH\BaseModel.php(749): CodeIgniter\Model->doInsert([...])
 7 SYSTEMPATH\Model.php(667): CodeIgniter\BaseModel->insert([...], true)
 8 APPPATH\Controllers\Kas\KasController.php(150): CodeIgniter\Model->insert([...])
 9 SYSTEMPATH\CodeIgniter.php(927): App\Controllers\Kas\KasController->tambahKas()
10 SYSTEMPATH\CodeIgniter.php(482): CodeIgniter\CodeIgniter->runController(Object(App\Controllers\Kas\KasController))
11 SYSTEMPATH\CodeIgniter.php(351): CodeIgniter\CodeIgniter->handleRequest(null, Object(Config\Cache), false)
12 FCPATH\index.php(67): CodeIgniter\CodeIgniter->run()
13 SYSTEMPATH\Commands\Server\rewrite.php(46): require_once('FCPATH\\index.php')
ERROR - 2025-05-24 01:07:14 --> mysqli_sql_exception: Cannot add or update a child row: a foreign key constraint fails (`newcli`.`tbl_transaksi_kas`, CONSTRAINT `fk_transaksi_kategori` FOREIGN KEY (`kategori`) REFERENCES `kategori` (`nama_kategori`) ON UPDATE CASCADE) in C:\Data\Job\Job1\job11\vendor\codeigniter4\framework\system\Database\MySQLi\Connection.php:292
Stack trace:
#0 C:\Data\Job\Job1\job11\vendor\codeigniter4\framework\system\Database\MySQLi\Connection.php(292): mysqli->query('INSERT INTO `tb...', 0)
#1 C:\Data\Job\Job1\job11\vendor\codeigniter4\framework\system\Database\BaseConnection.php(666): CodeIgniter\Database\MySQLi\Connection->execute('INSERT INTO `tb...')
#2 C:\Data\Job\Job1\job11\vendor\codeigniter4\framework\system\Database\BaseConnection.php(593): CodeIgniter\Database\BaseConnection->simpleQuery('INSERT INTO `tb...')
#3 C:\Data\Job\Job1\job11\vendor\codeigniter4\framework\system\Database\BaseBuilder.php(1916): CodeIgniter\Database\BaseConnection->query('INSERT INTO `tb...', Array, false)
#4 C:\Data\Job\Job1\job11\vendor\codeigniter4\framework\system\Model.php(279): CodeIgniter\Database\BaseBuilder->insert()
#5 C:\Data\Job\Job1\job11\vendor\codeigniter4\framework\system\BaseModel.php(749): CodeIgniter\Model->doInsert(Array)
#6 C:\Data\Job\Job1\job11\vendor\codeigniter4\framework\system\Model.php(667): CodeIgniter\BaseModel->insert(Array, true)
#7 C:\Data\Job\Job1\job11\app\Controllers\Kas\KasController.php(150): CodeIgniter\Model->insert(Array)
#8 C:\Data\Job\Job1\job11\vendor\codeigniter4\framework\system\CodeIgniter.php(927): App\Controllers\Kas\KasController->tambahKas()
#9 C:\Data\Job\Job1\job11\vendor\codeigniter4\framework\system\CodeIgniter.php(482): CodeIgniter\CodeIgniter->runController(Object(App\Controllers\Kas\KasController))
#10 C:\Data\Job\Job1\job11\vendor\codeigniter4\framework\system\CodeIgniter.php(351): CodeIgniter\CodeIgniter->handleRequest(NULL, Object(Config\Cache), false)
#11 C:\Data\Job\Job1\job11\public\index.php(67): CodeIgniter\CodeIgniter->run()
#12 C:\Data\Job\Job1\job11\vendor\codeigniter4\framework\system\Commands\Server\rewrite.php(46): require_once('C:\\Data\\Job\\Job...')
#13 {main}
CRITICAL - 2025-05-24 01:07:14 --> Cannot add or update a child row: a foreign key constraint fails (`newcli`.`tbl_transaksi_kas`, CONSTRAINT `fk_transaksi_kategori` FOREIGN KEY (`kategori`) REFERENCES `kategori` (`nama_kategori`) ON UPDATE CASCADE)
in SYSTEMPATH\Database\MySQLi\Connection.php on line 292.
 1 SYSTEMPATH\Database\MySQLi\Connection.php(292): mysqli->query('INSERT INTO `tbl_transaksi_kas` (`kode_kas`, `user_id`, `jenis`, `jumlah`, `tanggal`, `kategori`) VALUES (\'C140C318\', \'5\', \'pemasukan\', 123, \'2025-05-24 01:07:14\', \'123\')', 0)
 2 SYSTEMPATH\Database\BaseConnection.php(666): CodeIgniter\Database\MySQLi\Connection->execute('INSERT INTO `tbl_transaksi_kas` (`kode_kas`, `user_id`, `jenis`, `jumlah`, `tanggal`, `kategori`) VALUES (\'C140C318\', \'5\', \'pemasukan\', 123, \'2025-05-24 01:07:14\', \'123\')')
 3 SYSTEMPATH\Database\BaseConnection.php(593): CodeIgniter\Database\BaseConnection->simpleQuery('INSERT INTO `tbl_transaksi_kas` (`kode_kas`, `user_id`, `jenis`, `jumlah`, `tanggal`, `kategori`) VALUES (\'C140C318\', \'5\', \'pemasukan\', 123, \'2025-05-24 01:07:14\', \'123\')')
 4 SYSTEMPATH\Database\BaseBuilder.php(1916): CodeIgniter\Database\BaseConnection->query('INSERT INTO `tbl_transaksi_kas` (`kode_kas`, `user_id`, `jenis`, `jumlah`, `tanggal`, `kategori`) VALUES (:kode_kas:, :user_id:, :jenis:, :jumlah:, :tanggal:, :kategori:)', [...], false)
 5 SYSTEMPATH\Model.php(279): CodeIgniter\Database\BaseBuilder->insert()
 6 SYSTEMPATH\BaseModel.php(749): CodeIgniter\Model->doInsert([...])
 7 SYSTEMPATH\Model.php(667): CodeIgniter\BaseModel->insert([...], true)
 8 APPPATH\Controllers\Kas\KasController.php(150): CodeIgniter\Model->insert([...])
 9 SYSTEMPATH\CodeIgniter.php(927): App\Controllers\Kas\KasController->tambahKas()
10 SYSTEMPATH\CodeIgniter.php(482): CodeIgniter\CodeIgniter->runController(Object(App\Controllers\Kas\KasController))
11 SYSTEMPATH\CodeIgniter.php(351): CodeIgniter\CodeIgniter->handleRequest(null, Object(Config\Cache), false)
12 FCPATH\index.php(67): CodeIgniter\CodeIgniter->run()
13 SYSTEMPATH\Commands\Server\rewrite.php(46): require_once('FCPATH\\index.php')
ERROR - 2025-05-24 01:08:10 --> mysqli_sql_exception: Cannot add or update a child row: a foreign key constraint fails (`newcli`.`tbl_transaksi_kas`, CONSTRAINT `fk_transaksi_kategori` FOREIGN KEY (`kategori`) REFERENCES `kategori` (`nama_kategori`) ON UPDATE CASCADE) in C:\Data\Job\Job1\job11\vendor\codeigniter4\framework\system\Database\MySQLi\Connection.php:292
Stack trace:
#0 C:\Data\Job\Job1\job11\vendor\codeigniter4\framework\system\Database\MySQLi\Connection.php(292): mysqli->query('INSERT INTO `tb...', 0)
#1 C:\Data\Job\Job1\job11\vendor\codeigniter4\framework\system\Database\BaseConnection.php(666): CodeIgniter\Database\MySQLi\Connection->execute('INSERT INTO `tb...')
#2 C:\Data\Job\Job1\job11\vendor\codeigniter4\framework\system\Database\BaseConnection.php(593): CodeIgniter\Database\BaseConnection->simpleQuery('INSERT INTO `tb...')
#3 C:\Data\Job\Job1\job11\vendor\codeigniter4\framework\system\Database\BaseBuilder.php(1916): CodeIgniter\Database\BaseConnection->query('INSERT INTO `tb...', Array, false)
#4 C:\Data\Job\Job1\job11\vendor\codeigniter4\framework\system\Model.php(279): CodeIgniter\Database\BaseBuilder->insert()
#5 C:\Data\Job\Job1\job11\vendor\codeigniter4\framework\system\BaseModel.php(749): CodeIgniter\Model->doInsert(Array)
#6 C:\Data\Job\Job1\job11\vendor\codeigniter4\framework\system\Model.php(667): CodeIgniter\BaseModel->insert(Array, true)
#7 C:\Data\Job\Job1\job11\app\Controllers\Kas\KasController.php(150): CodeIgniter\Model->insert(Array)
#8 C:\Data\Job\Job1\job11\vendor\codeigniter4\framework\system\CodeIgniter.php(927): App\Controllers\Kas\KasController->tambahKas()
#9 C:\Data\Job\Job1\job11\vendor\codeigniter4\framework\system\CodeIgniter.php(482): CodeIgniter\CodeIgniter->runController(Object(App\Controllers\Kas\KasController))
#10 C:\Data\Job\Job1\job11\vendor\codeigniter4\framework\system\CodeIgniter.php(351): CodeIgniter\CodeIgniter->handleRequest(NULL, Object(Config\Cache), false)
#11 C:\Data\Job\Job1\job11\public\index.php(67): CodeIgniter\CodeIgniter->run()
#12 C:\Data\Job\Job1\job11\vendor\codeigniter4\framework\system\Commands\Server\rewrite.php(46): require_once('C:\\Data\\Job\\Job...')
#13 {main}
CRITICAL - 2025-05-24 01:08:10 --> Cannot add or update a child row: a foreign key constraint fails (`newcli`.`tbl_transaksi_kas`, CONSTRAINT `fk_transaksi_kategori` FOREIGN KEY (`kategori`) REFERENCES `kategori` (`nama_kategori`) ON UPDATE CASCADE)
in SYSTEMPATH\Database\MySQLi\Connection.php on line 292.
 1 SYSTEMPATH\Database\MySQLi\Connection.php(292): mysqli->query('INSERT INTO `tbl_transaksi_kas` (`kode_kas`, `user_id`, `jenis`, `jumlah`, `tanggal`, `kategori`) VALUES (\'DFAF95DD\', \'5\', \'pemasukan\', 123, \'2025-05-24 01:08:10\', \'123\')', 0)
 2 SYSTEMPATH\Database\BaseConnection.php(666): CodeIgniter\Database\MySQLi\Connection->execute('INSERT INTO `tbl_transaksi_kas` (`kode_kas`, `user_id`, `jenis`, `jumlah`, `tanggal`, `kategori`) VALUES (\'DFAF95DD\', \'5\', \'pemasukan\', 123, \'2025-05-24 01:08:10\', \'123\')')
 3 SYSTEMPATH\Database\BaseConnection.php(593): CodeIgniter\Database\BaseConnection->simpleQuery('INSERT INTO `tbl_transaksi_kas` (`kode_kas`, `user_id`, `jenis`, `jumlah`, `tanggal`, `kategori`) VALUES (\'DFAF95DD\', \'5\', \'pemasukan\', 123, \'2025-05-24 01:08:10\', \'123\')')
 4 SYSTEMPATH\Database\BaseBuilder.php(1916): CodeIgniter\Database\BaseConnection->query('INSERT INTO `tbl_transaksi_kas` (`kode_kas`, `user_id`, `jenis`, `jumlah`, `tanggal`, `kategori`) VALUES (:kode_kas:, :user_id:, :jenis:, :jumlah:, :tanggal:, :kategori:)', [...], false)
 5 SYSTEMPATH\Model.php(279): CodeIgniter\Database\BaseBuilder->insert()
 6 SYSTEMPATH\BaseModel.php(749): CodeIgniter\Model->doInsert([...])
 7 SYSTEMPATH\Model.php(667): CodeIgniter\BaseModel->insert([...], true)
 8 APPPATH\Controllers\Kas\KasController.php(150): CodeIgniter\Model->insert([...])
 9 SYSTEMPATH\CodeIgniter.php(927): App\Controllers\Kas\KasController->tambahKas()
10 SYSTEMPATH\CodeIgniter.php(482): CodeIgniter\CodeIgniter->runController(Object(App\Controllers\Kas\KasController))
11 SYSTEMPATH\CodeIgniter.php(351): CodeIgniter\CodeIgniter->handleRequest(null, Object(Config\Cache), false)
12 FCPATH\index.php(67): CodeIgniter\CodeIgniter->run()
13 SYSTEMPATH\Commands\Server\rewrite.php(46): require_once('FCPATH\\index.php')
ERROR - 2025-05-24 01:52:17 --> ID dari frontend: 
ERROR - 2025-05-24 01:52:17 --> Nama dari frontend: 1111
CRITICAL - 2025-05-24 03:08:08 --> Undefined variable $jumlah_kas
in APPPATH\Views\kas\kategori.php on line 78.
 1 APPPATH\Views\kas\kategori.php(78): CodeIgniter\Debug\Exceptions->errorHandler(2, 'Undefined variable $jumlah_kas', 'APPPATH\\Views\\kas\\kategori.php', 78)
 2 SYSTEMPATH\View\View.php(213): include('APPPATH\\Views\\kas\\kategori.php')
 3 SYSTEMPATH\View\View.php(216): CodeIgniter\View\View->CodeIgniter\View\{closure}()
 4 SYSTEMPATH\Common.php(1134): CodeIgniter\View\View->render('kas/kategori', [], true)
 5 APPPATH\Controllers\Kas\KasController.php(365): view('kas/kategori', [...])
 6 SYSTEMPATH\CodeIgniter.php(927): App\Controllers\Kas\KasController->viewKategori()
 7 SYSTEMPATH\CodeIgniter.php(482): CodeIgniter\CodeIgniter->runController(Object(App\Controllers\Kas\KasController))
 8 SYSTEMPATH\CodeIgniter.php(351): CodeIgniter\CodeIgniter->handleRequest(null, Object(Config\Cache), false)
 9 FCPATH\index.php(67): CodeIgniter\CodeIgniter->run()
10 SYSTEMPATH\Commands\Server\rewrite.php(46): require_once('FCPATH\\index.php')
CRITICAL - 2025-05-24 03:33:34 --> Undefined variable $title
in APPPATH\Config\Routes.php on line 6.
 1 APPPATH\Config\Routes.php(6): CodeIgniter\Debug\Exceptions->errorHandler(2, 'Undefined variable $title', 'APPPATH\\Config\\Routes.php', 6)
 2 SYSTEMPATH\CodeIgniter.php(789): require('APPPATH\\Config\\Routes.php')
 3 SYSTEMPATH\CodeIgniter.php(430): CodeIgniter\CodeIgniter->tryToRouteIt(null)
 4 SYSTEMPATH\CodeIgniter.php(351): CodeIgniter\CodeIgniter->handleRequest(null, Object(Config\Cache), false)
 5 FCPATH\index.php(67): CodeIgniter\CodeIgniter->run()
 6 SYSTEMPATH\Commands\Server\rewrite.php(46): require_once('FCPATH\\index.php')
CRITICAL - 2025-05-24 03:33:45 --> Undefined variable $title
in APPPATH\Config\Routes.php on line 6.
 1 APPPATH\Config\Routes.php(6): CodeIgniter\Debug\Exceptions->errorHandler(2, 'Undefined variable $title', 'APPPATH\\Config\\Routes.php', 6)
 2 SYSTEMPATH\CodeIgniter.php(789): require('APPPATH\\Config\\Routes.php')
 3 SYSTEMPATH\CodeIgniter.php(430): CodeIgniter\CodeIgniter->tryToRouteIt(null)
 4 SYSTEMPATH\CodeIgniter.php(351): CodeIgniter\CodeIgniter->handleRequest(null, Object(Config\Cache), false)
 5 FCPATH\index.php(67): CodeIgniter\CodeIgniter->run()
 6 SYSTEMPATH\Commands\Server\rewrite.php(46): require_once('FCPATH\\index.php')
CRITICAL - 2025-05-24 03:33:57 --> Undefined variable $title
in APPPATH\Config\Routes.php on line 6.
 1 APPPATH\Config\Routes.php(6): CodeIgniter\Debug\Exceptions->errorHandler(2, 'Undefined variable $title', 'APPPATH\\Config\\Routes.php', 6)
 2 SYSTEMPATH\CodeIgniter.php(789): require('APPPATH\\Config\\Routes.php')
 3 SYSTEMPATH\CodeIgniter.php(430): CodeIgniter\CodeIgniter->tryToRouteIt(null)
 4 SYSTEMPATH\CodeIgniter.php(351): CodeIgniter\CodeIgniter->handleRequest(null, Object(Config\Cache), false)
 5 FCPATH\index.php(67): CodeIgniter\CodeIgniter->run()
 6 SYSTEMPATH\Commands\Server\rewrite.php(46): require_once('FCPATH\\index.php')
CRITICAL - 2025-05-24 03:34:18 --> Undefined variable $title
in APPPATH\Config\Routes.php on line 6.
 1 APPPATH\Config\Routes.php(6): CodeIgniter\Debug\Exceptions->errorHandler(2, 'Undefined variable $title', 'APPPATH\\Config\\Routes.php', 6)
 2 SYSTEMPATH\CodeIgniter.php(789): require('APPPATH\\Config\\Routes.php')
 3 SYSTEMPATH\CodeIgniter.php(430): CodeIgniter\CodeIgniter->tryToRouteIt(null)
 4 SYSTEMPATH\CodeIgniter.php(351): CodeIgniter\CodeIgniter->handleRequest(null, Object(Config\Cache), false)
 5 FCPATH\index.php(67): CodeIgniter\CodeIgniter->run()
 6 SYSTEMPATH\Commands\Server\rewrite.php(46): require_once('FCPATH\\index.php')
CRITICAL - 2025-05-24 03:34:21 --> Undefined variable $title
in APPPATH\Config\Routes.php on line 6.
 1 APPPATH\Config\Routes.php(6): CodeIgniter\Debug\Exceptions->errorHandler(2, 'Undefined variable $title', 'APPPATH\\Config\\Routes.php', 6)
 2 SYSTEMPATH\CodeIgniter.php(789): require('APPPATH\\Config\\Routes.php')
 3 SYSTEMPATH\CodeIgniter.php(430): CodeIgniter\CodeIgniter->tryToRouteIt(null)
 4 SYSTEMPATH\CodeIgniter.php(351): CodeIgniter\CodeIgniter->handleRequest(null, Object(Config\Cache), false)
 5 FCPATH\index.php(67): CodeIgniter\CodeIgniter->run()
 6 SYSTEMPATH\Commands\Server\rewrite.php(46): require_once('FCPATH\\index.php')
CRITICAL - 2025-05-24 03:34:23 --> Undefined variable $title
in APPPATH\Config\Routes.php on line 6.
 1 APPPATH\Config\Routes.php(6): CodeIgniter\Debug\Exceptions->errorHandler(2, 'Undefined variable $title', 'APPPATH\\Config\\Routes.php', 6)
 2 SYSTEMPATH\CodeIgniter.php(789): require('APPPATH\\Config\\Routes.php')
 3 SYSTEMPATH\CodeIgniter.php(430): CodeIgniter\CodeIgniter->tryToRouteIt(null)
 4 SYSTEMPATH\CodeIgniter.php(351): CodeIgniter\CodeIgniter->handleRequest(null, Object(Config\Cache), false)
 5 FCPATH\index.php(67): CodeIgniter\CodeIgniter->run()
 6 SYSTEMPATH\Commands\Server\rewrite.php(46): require_once('FCPATH\\index.php')
CRITICAL - 2025-05-24 03:34:24 --> Undefined variable $title
in APPPATH\Config\Routes.php on line 6.
 1 APPPATH\Config\Routes.php(6): CodeIgniter\Debug\Exceptions->errorHandler(2, 'Undefined variable $title', 'APPPATH\\Config\\Routes.php', 6)
 2 SYSTEMPATH\CodeIgniter.php(789): require('APPPATH\\Config\\Routes.php')
 3 SYSTEMPATH\CodeIgniter.php(430): CodeIgniter\CodeIgniter->tryToRouteIt(null)
 4 SYSTEMPATH\CodeIgniter.php(351): CodeIgniter\CodeIgniter->handleRequest(null, Object(Config\Cache), false)
 5 FCPATH\index.php(67): CodeIgniter\CodeIgniter->run()
 6 SYSTEMPATH\Commands\Server\rewrite.php(46): require_once('FCPATH\\index.php')
CRITICAL - 2025-05-24 03:34:24 --> Undefined variable $title
in APPPATH\Config\Routes.php on line 6.
 1 APPPATH\Config\Routes.php(6): CodeIgniter\Debug\Exceptions->errorHandler(2, 'Undefined variable $title', 'APPPATH\\Config\\Routes.php', 6)
 2 SYSTEMPATH\CodeIgniter.php(789): require('APPPATH\\Config\\Routes.php')
 3 SYSTEMPATH\CodeIgniter.php(430): CodeIgniter\CodeIgniter->tryToRouteIt(null)
 4 SYSTEMPATH\CodeIgniter.php(351): CodeIgniter\CodeIgniter->handleRequest(null, Object(Config\Cache), false)
 5 FCPATH\index.php(67): CodeIgniter\CodeIgniter->run()
 6 SYSTEMPATH\Commands\Server\rewrite.php(46): require_once('FCPATH\\index.php')
CRITICAL - 2025-05-24 03:34:24 --> Undefined variable $title
in APPPATH\Config\Routes.php on line 6.
 1 APPPATH\Config\Routes.php(6): CodeIgniter\Debug\Exceptions->errorHandler(2, 'Undefined variable $title', 'APPPATH\\Config\\Routes.php', 6)
 2 SYSTEMPATH\CodeIgniter.php(789): require('APPPATH\\Config\\Routes.php')
 3 SYSTEMPATH\CodeIgniter.php(430): CodeIgniter\CodeIgniter->tryToRouteIt(null)
 4 SYSTEMPATH\CodeIgniter.php(351): CodeIgniter\CodeIgniter->handleRequest(null, Object(Config\Cache), false)
 5 FCPATH\index.php(67): CodeIgniter\CodeIgniter->run()
 6 SYSTEMPATH\Commands\Server\rewrite.php(46): require_once('FCPATH\\index.php')
CRITICAL - 2025-05-24 04:09:19 --> Undefined variable $kas_pengeluaran
in APPPATH\Views\kas\pengeluaran.php on line 116.
 1 APPPATH\Views\kas\pengeluaran.php(116): CodeIgniter\Debug\Exceptions->errorHandler(2, 'Undefined variable $kas_pengeluaran', 'APPPATH\\Views\\kas\\pengeluaran.php', 116)
 2 SYSTEMPATH\View\View.php(213): include('APPPATH\\Views\\kas\\pengeluaran.php')
 3 SYSTEMPATH\View\View.php(216): CodeIgniter\View\View->CodeIgniter\View\{closure}()
 4 SYSTEMPATH\Common.php(1134): CodeIgniter\View\View->render('kas/pengeluaran', [], true)
 5 APPPATH\Controllers\Kas\KasController.php(286): view('kas/pengeluaran', [...])
 6 SYSTEMPATH\CodeIgniter.php(927): App\Controllers\Kas\KasController->viewPengeluaran()
 7 SYSTEMPATH\CodeIgniter.php(482): CodeIgniter\CodeIgniter->runController(Object(App\Controllers\Kas\KasController))
 8 SYSTEMPATH\CodeIgniter.php(351): CodeIgniter\CodeIgniter->handleRequest(null, Object(Config\Cache), false)
 9 FCPATH\index.php(67): CodeIgniter\CodeIgniter->run()
10 SYSTEMPATH\Commands\Server\rewrite.php(46): require_once('FCPATH\\index.php')
